2018-09-20 21:43:54,796 INFO o.a.j.u.JMeterUtils: Setting Locale to en_EN
2018-09-20 21:43:54,822 INFO o.a.j.JMeter: Loading user properties from: user.properties
2018-09-20 21:43:54,822 INFO o.a.j.JMeter: Loading system properties from: system.properties
2018-09-20 21:43:54,829 INFO o.a.j.JMeter: Copyright (c) 1998-2018 The Apache Software Foundation
2018-09-20 21:43:54,829 INFO o.a.j.JMeter: Version 4.0 r1823414
2018-09-20 21:43:54,829 INFO o.a.j.JMeter: java.version=10.0.1
2018-09-20 21:43:54,829 INFO o.a.j.JMeter: java.vm.name=Java HotSpot(TM) 64-Bit Server VM
2018-09-20 21:43:54,829 INFO o.a.j.JMeter: os.name=Windows 10
2018-09-20 21:43:54,829 INFO o.a.j.JMeter: os.arch=amd64
2018-09-20 21:43:54,829 INFO o.a.j.JMeter: os.version=10.0
2018-09-20 21:43:54,829 INFO o.a.j.JMeter: file.encoding=Cp1251
2018-09-20 21:43:54,830 INFO o.a.j.JMeter: Max memory     =1073741824
2018-09-20 21:43:54,830 INFO o.a.j.JMeter: Available Processors =4
2018-09-20 21:43:54,838 INFO o.a.j.JMeter: Default Locale=English (EN)
2018-09-20 21:43:54,839 INFO o.a.j.JMeter: JMeter  Locale=English (EN)
2018-09-20 21:43:54,839 INFO o.a.j.JMeter: JMeterHome=E:\Git\Jmeter-ELK_Stack\apache-jmeter-4.0
2018-09-20 21:43:54,839 INFO o.a.j.JMeter: user.dir  =E:\Git\Jmeter-ELK_Stack\apache-jmeter-4.0\bin
2018-09-20 21:43:54,839 INFO o.a.j.JMeter: PWD       =E:\Git\Jmeter-ELK_Stack\apache-jmeter-4.0\bin
2018-09-20 21:43:59,352 INFO o.a.j.JMeter: IP: 10.0.75.1 Name: DESKTOP-RA7RMRG FullName: DESKTOP-RA7RMRG
2018-09-20 21:43:59,784 INFO o.a.j.g.a.LookAndFeelCommand: Installing Darcula LAF
2018-09-20 21:43:59,792 INFO o.a.j.g.a.LookAndFeelCommand: Using look and feel: com.bulenkov.darcula.DarculaLaf [Darcula]
2018-09-20 21:43:59,792 INFO o.a.j.JMeter: Setting LAF to: com.bulenkov.darcula.DarculaLaf
2018-09-20 21:43:59,897 INFO o.a.j.JMeter: Loaded icon properties from org/apache/jmeter/images/icon.properties
2018-09-20 21:44:00,761 INFO o.a.j.e.u.CompoundVariable: Note: Function class names must contain the string: '.functions.'
2018-09-20 21:44:00,761 INFO o.a.j.e.u.CompoundVariable: Note: Function class names must not contain the string: '.gui.'
2018-09-20 21:44:01,613 INFO o.a.j.JMeter: Loading file: C:\Users\dj_sa\Downloads\DeezerTest-and-LogParser-master\Task 1. Load testing part\testplan\Deezer.jmx
2018-09-20 21:44:01,614 INFO o.a.j.s.FileServer: Default base='E:\Git\Jmeter-ELK_Stack\apache-jmeter-4.0\bin'
2018-09-20 21:44:01,615 INFO o.a.j.s.FileServer: Set new base='C:\Users\dj_sa\Downloads\DeezerTest-and-LogParser-master\Task 1. Load testing part\testplan'
2018-09-20 21:44:01,760 INFO o.j.r.JARSourceHTTP: Found cached repo
2018-09-20 21:44:01,784 INFO o.a.j.s.SaveService: Testplan (JMX) version: 2.2. Testlog (JTL) version: 2.2
2018-09-20 21:44:01,796 INFO o.a.j.s.SaveService: Using SaveService properties version 4.0
2018-09-20 21:44:01,799 INFO o.a.j.s.SaveService: Using SaveService properties file encoding UTF-8
2018-09-20 21:44:01,800 INFO o.a.j.s.SaveService: Loading file: C:\Users\dj_sa\Downloads\DeezerTest-and-LogParser-master\Task 1. Load testing part\testplan\Deezer.jmx
2018-09-20 21:44:02,002 INFO o.j.r.PluginManager: Plugins Status: [jpgc-graphs-basic=2.0, jpgc-graphs-additional=2.0, jpgc-autostop=0.1, jpgc-graphs-composite=2.0, jpgc-csl=0.1, jpgc-functions=2.1, jpgc-casutg=2.5, jpgc-dummy=0.2, jmeter.backendlistener.elasticsearch=2.4.3, jpgc-filterresults=2.1, jpgc-ffw=2.0, jpgc-httpraw=0.1, jpgc-fifo=0.2, jpgc-graphs-vs=2.0, jpgc-mergeresults=2.1, jpgc-prmctl=0.4, jpgc-perfmon=2.1, jpgc-plugins-manager=1.3, bzm-random-csv=0.6, jpgc-redis=0.2, jpgc-synthesis=2.2, jpgc-tst=2.5, jpgc-csvars=0.1, websocket-samplers=1.2.1, jpgc-xml=0.1, jmeter-core=4.0, jmeter-ftp=4.0, jmeter-http=4.0, jmeter-jdbc=4.0, jmeter-jms=4.0, jmeter-junit=4.0, jmeter-java=4.0, jmeter-ldap=4.0, jmeter-mail=4.0, jmeter-mongodb=4.0, jmeter-native=4.0, jmeter-tcp=4.0, jmeter-components=4.0, jpgc-standard=2.0]
2018-09-20 21:44:02,083 INFO o.a.j.p.h.c.CookieManager: Settings: Delete null: true Check: true Allow variable: true Save: false Prefix: COOKIE_
2018-09-20 21:44:02,092 INFO o.a.j.p.h.s.HTTPSamplerBase: Parser for text/html is org.apache.jmeter.protocol.http.parser.LagartoBasedHtmlParser
2018-09-20 21:44:02,092 INFO o.a.j.p.h.s.HTTPSamplerBase: Parser for application/xhtml+xml is org.apache.jmeter.protocol.http.parser.LagartoBasedHtmlParser
2018-09-20 21:44:02,092 INFO o.a.j.p.h.s.HTTPSamplerBase: Parser for application/xml is org.apache.jmeter.protocol.http.parser.LagartoBasedHtmlParser
2018-09-20 21:44:02,092 INFO o.a.j.p.h.s.HTTPSamplerBase: Parser for text/xml is org.apache.jmeter.protocol.http.parser.LagartoBasedHtmlParser
2018-09-20 21:44:02,093 INFO o.a.j.p.h.s.HTTPSamplerBase: Parser for text/vnd.wap.wml is org.apache.jmeter.protocol.http.parser.RegexpHTMLParser
2018-09-20 21:44:02,093 INFO o.a.j.p.h.s.HTTPSamplerBase: Parser for text/css is org.apache.jmeter.protocol.http.parser.CssParser
2018-09-20 21:44:02,186 INFO o.a.j.s.FileServer: Set new base='C:\Users\dj_sa\Downloads\DeezerTest-and-LogParser-master\Task 1. Load testing part\testplan'
2018-09-20 21:44:02,992 WARN o.a.j.g.t.JMeterTreeNode: getIcon(): Can't obtain GUI class from class org.apache.jmeter.config.CSVDataSet
2018-09-20 21:44:02,992 WARN o.a.j.g.t.JMeterTreeNode: getIcon(): Can't obtain GUI class from class org.apache.jmeter.config.CSVDataSet
2018-09-20 21:44:03,002 WARN o.a.j.g.t.JMeterTreeNode: getIcon(): Can't obtain GUI class from class org.apache.jmeter.config.CSVDataSet
2018-09-20 21:44:03,554 WARN o.a.j.g.ObjectTableModel: Header count=13 but classes count=11
2018-09-20 21:44:03,554 WARN o.a.j.g.ObjectTableModel: Header count=13 but writeFunctor count=11
2018-09-20 21:44:04,775 INFO o.a.j.e.KeyToolUtils: keytool found at 'keytool'
2018-09-20 21:44:04,775 INFO o.a.j.p.h.p.ProxyControl: HTTP(S) Test Script Recorder SSL Proxy will use keys that support embedded 3rd party resources in file E:\Git\Jmeter-ELK_Stack\apache-jmeter-4.0\bin\proxyserver.jks
2018-09-20 21:44:05,571 INFO o.a.j.s.SampleResult: Note: Sample TimeStamps are START times
2018-09-20 21:44:05,571 INFO o.a.j.s.SampleResult: sampleresult.default.encoding is set to ISO-8859-1
2018-09-20 21:44:05,571 INFO o.a.j.s.SampleResult: sampleresult.useNanoTime=true
2018-09-20 21:44:05,571 INFO o.a.j.s.SampleResult: sampleresult.nanoThreadSleep=5000
2018-09-20 21:44:39,631 INFO o.a.j.e.StandardJMeterEngine: Running the test!
2018-09-20 21:44:39,632 INFO o.a.j.s.SampleEvent: List of sample_variables: []
2018-09-20 21:44:39,632 INFO o.a.j.s.SampleEvent: List of sample_variables: []
2018-09-20 21:44:39,645 INFO o.a.j.v.b.BackendListener: Backend Listener: Starting worker with class: class io.github.delirius325.jmeter.backendlistener.elasticsearch.ElasticsearchBackendClient and queue capacity: 5000
2018-09-20 21:44:39,646 INFO o.a.j.v.b.BackendListener: Backend Listener: Started  worker with class: class io.github.delirius325.jmeter.backendlistener.elasticsearch.ElasticsearchBackendClient
2018-09-20 21:44:40,211 INFO i.g.d.j.b.e.ElasticSearchMetricSender: Index already exists!
2018-09-20 21:44:40,212 INFO o.a.j.g.u.JMeterMenuBar: setRunning(true, *local*)
2018-09-20 21:44:40,293 INFO o.a.j.e.StandardJMeterEngine: Starting ThreadGroup: 1 : Thread Group
2018-09-20 21:44:40,293 INFO o.a.j.e.StandardJMeterEngine: Starting 10 threads for group Thread Group.
2018-09-20 21:44:40,293 INFO o.a.j.e.StandardJMeterEngine: Thread will continue on error
2018-09-20 21:44:40,293 INFO o.a.j.t.ThreadGroup: Starting thread group... number=1 threads=10 ramp-up=30 perThread=3000.0 delayedStart=false
2018-09-20 21:44:40,316 INFO o.a.j.t.ThreadGroup: Started thread group number 1
2018-09-20 21:44:40,316 INFO o.a.j.e.StandardJMeterEngine: All thread groups have been started
2018-09-20 21:44:40,316 INFO o.a.j.t.JMeterThread: Thread started: Thread Group 1-1
2018-09-20 21:44:40,322 INFO o.a.j.s.FileServer: Stored: Artists.csv
2018-09-20 21:44:40,322 INFO o.a.j.s.FileServer: Stored: Users.csv
2018-09-20 21:44:40,332 INFO o.a.j.p.h.s.HTTPHCAbstractImpl: Local host = DESKTOP-RA7RMRG
2018-09-20 21:44:40,336 INFO o.a.j.p.h.s.HTTPHC4Impl: HTTP request retry count = 0
2018-09-20 21:44:40,403 INFO o.a.j.p.h.s.LazySchemeSocketFactory: Setting up HTTPS TrustAll Socket Factory
2018-09-20 21:44:40,405 INFO o.a.j.u.JsseSSLManager: Using default SSL protocol: TLS
2018-09-20 21:44:40,405 INFO o.a.j.u.JsseSSLManager: SSL session context: per-thread
2018-09-20 21:44:40,410 INFO o.a.j.u.SSLManager: JmeterKeyStore Location:  type JKS
2018-09-20 21:44:40,411 INFO o.a.j.u.SSLManager: KeyStore created OK
2018-09-20 21:44:40,411 WARN o.a.j.u.SSLManager: Keystore file not found, loading empty keystore
2018-09-20 21:44:40,877 INFO o.a.j.p.h.p.BaseParser: Created org.apache.jmeter.protocol.http.parser.LagartoBasedHtmlParser
2018-09-20 21:44:41,265 INFO o.a.j.p.h.p.BaseParser: Created org.apache.jmeter.protocol.http.parser.CssParser
2018-09-20 21:44:43,385 INFO o.a.j.t.JMeterThread: Thread started: Thread Group 1-2
2018-09-20 21:44:46,385 INFO o.a.j.t.JMeterThread: Thread started: Thread Group 1-3
2018-09-20 21:44:49,386 INFO o.a.j.t.JMeterThread: Thread started: Thread Group 1-4
2018-09-20 21:44:52,382 INFO o.a.j.t.JMeterThread: Thread started: Thread Group 1-5
2018-09-20 21:44:55,381 INFO o.a.j.t.JMeterThread: Thread started: Thread Group 1-6
2018-09-20 21:44:58,381 INFO o.a.j.t.JMeterThread: Thread started: Thread Group 1-7
2018-09-20 21:45:01,382 INFO o.a.j.t.JMeterThread: Thread started: Thread Group 1-8
2018-09-20 21:45:04,370 INFO o.a.j.t.JMeterThread: Thread started: Thread Group 1-9
2018-09-20 21:45:07,381 INFO o.a.j.t.JMeterThread: Thread started: Thread Group 1-10
2018-09-20 21:46:10,294 INFO o.a.j.t.JMeterThread: Stopping because end time detected by thread: Thread Group 1-3
2018-09-20 21:46:10,294 INFO o.a.j.t.JMeterThread: Stopping because end time detected by thread: Thread Group 1-7
2018-09-20 21:46:10,294 INFO o.a.j.t.JMeterThread: Thread finished: Thread Group 1-7
2018-09-20 21:46:10,294 INFO o.a.j.t.JMeterThread: Thread finished: Thread Group 1-3
2018-09-20 21:46:10,295 INFO o.a.j.t.JMeterThread: Stopping because end time detected by thread: Thread Group 1-8
2018-09-20 21:46:10,295 INFO o.a.j.t.JMeterThread: Thread finished: Thread Group 1-8
2018-09-20 21:46:10,296 INFO o.a.j.t.JMeterThread: Stopping because end time detected by thread: Thread Group 1-10
2018-09-20 21:46:10,296 INFO o.a.j.t.JMeterThread: Stopping because end time detected by thread: Thread Group 1-9
2018-09-20 21:46:10,297 INFO o.a.j.t.JMeterThread: Thread finished: Thread Group 1-10
2018-09-20 21:46:10,297 INFO o.a.j.t.JMeterThread: Thread finished: Thread Group 1-9
2018-09-20 21:46:10,297 INFO o.a.j.t.JMeterThread: Stopping because end time detected by thread: Thread Group 1-4
2018-09-20 21:46:10,297 INFO o.a.j.t.JMeterThread: Thread finished: Thread Group 1-4
2018-09-20 21:46:10,297 INFO o.a.j.t.JMeterThread: Stopping because end time detected by thread: Thread Group 1-2
2018-09-20 21:46:10,298 INFO o.a.j.t.JMeterThread: Thread finished: Thread Group 1-2
2018-09-20 21:46:10,297 INFO o.a.j.t.JMeterThread: Stopping because end time detected by thread: Thread Group 1-5
2018-09-20 21:46:10,298 INFO o.a.j.t.JMeterThread: Stopping because end time detected by thread: Thread Group 1-1
2018-09-20 21:46:10,298 INFO o.a.j.t.JMeterThread: Thread finished: Thread Group 1-5
2018-09-20 21:46:10,298 INFO o.a.j.t.JMeterThread: Thread finished: Thread Group 1-1
2018-09-20 21:46:10,299 INFO o.a.j.t.JMeterThread: Stopping because end time detected by thread: Thread Group 1-6
2018-09-20 21:46:10,299 INFO o.a.j.t.JMeterThread: Thread finished: Thread Group 1-6
2018-09-20 21:46:10,302 INFO o.a.j.e.StandardJMeterEngine: Notifying test listeners of end of test
2018-09-20 21:46:10,303 INFO o.a.j.s.FileServer: Close: Users.csv
2018-09-20 21:46:10,303 INFO o.a.j.s.FileServer: Close: Artists.csv
2018-09-20 21:46:10,304 INFO o.a.j.v.b.BackendListener: Worker ended
2018-09-20 21:46:10,528 INFO o.a.j.g.u.JMeterMenuBar: setRunning(false, *local*)
